QuestaSim-64 vlog 2021.2_1 Compiler 2021.05 May 15 2021
Start time: 17:19:32 on Oct 24,2025
vlog -work work ./SPI.srcs/sources_1/imports/new/DFFs.v ./SPI.srcs/sources_1/imports/new/Mux2_to_1.v ./SPI.srcs/sources_1/imports/new/Mux4_to_1.v ./SPI.srcs/sources_1/imports/new/Synchronous_Counter.v -l vlog2-fixed.log 
-- Compiling module DFFs_Behavioral
-- Compiling module DFFs_GateLevel
-- Compiling module D_latch
-- Compiling module Mux2_to_1_Dataflow
-- Compiling module Mux2_to_1_Behavioral
-- Compiling module Mux2_to_1_Gatelevel
-- Compiling module Mux4_to_1_Behavioral
-- Compiling module Mux4_to_1_Gatelevel
-- Compiling module Counter

Top level modules:
	DFFs_Behavioral
	DFFs_GateLevel
	Mux2_to_1_Dataflow
	Mux2_to_1_Behavioral
	Mux4_to_1_Behavioral
	Mux4_to_1_Gatelevel
	Counter
End time: 17:19:32 on Oct 24,2025, Elapsed time: 0:00:00
Errors: 0, Warnings: 0
